# JRE version: OpenJDK Runtime Environment (11.0.10) (build 11.0.10+0-b96-7249189)
# Java VM: OpenJDK 64-Bit Server VM (11.0.10+0-b96-7249189, mixed mode, tiered, compressed oops, g1 gc, windows-amd64)
Heap:
 garbage-first heap   total 557056K, used 254337K [0x0000000080000000, 0x0000000100000000)
  region size 1024K, 50 young (51200K), 22 survivors (22528K)
 Metaspace       used 138384K, capacity 142930K, committed 143232K, reserved 1173504K
  class space    used 17553K, capacity 19279K, committed 19328K, reserved 1048576K
GC Heap History (20 events):
Event: 307.713 GC heap before
{Heap before GC invocations=217 (full 0):
 garbage-first heap   total 557056K, used 252127K [0x0000000080000000, 0x0000000100000000)
  region size 1024K, 76 young (77824K), 12 survivors (12288K)
 Metaspace       used 131703K, capacity 135623K, committed 135680K, reserved 1167360K
  class space    used 16680K, capacity 18137K, committed 18176K, reserved 1048576K
}
Event: 308.013 GC heap after
{Heap after GC invocations=218 (full 0):
 garbage-first heap   total 557056K, used 199366K [0x0000000080000000, 0x0000000100000000)
  region size 1024K, 10 young (10240K), 10 survivors (10240K)
 Metaspace       used 131703K, capacity 135623K, committed 135680K, reserved 1167360K
  class space    used 16680K, capacity 18137K, committed 18176K, reserved 1048576K
}
Event: 316.264 GC heap before
{Heap before GC invocations=218 (full 0):
 garbage-first heap   total 557056K, used 216774K [0x0000000080000000, 0x0000000100000000)
  region size 1024K, 27 young (27648K), 10 survivors (10240K)
 Metaspace       used 134054K, capacity 138268K, committed 138624K, reserved 1169408K
  class space    used 17114K, capacity 18703K, committed 18816K, reserved 1048576K
}
Event: 316.292 GC heap after
{Heap after GC invocations=219 (full 0):
 garbage-first heap   total 557056K, used 201728K [0x0000000080000000, 0x0000000100000000)
  region size 1024K, 2 young (2048K), 2 survivors (2048K)
 Metaspace       used 134054K, capacity 138268K, committed 138624K, reserved 1169408K
  class space    used 17114K, capacity 18703K, committed 18816K, reserved 1048576K
}
Event: 316.750 GC heap before
{Heap before GC invocations=219 (full 0):
 garbage-first heap   total 557056K, used 237568K [0x0000000080000000, 0x0000000100000000)
  region size 1024K, 37 young (37888K), 2 survivors (2048K)
 Metaspace       used 134945K, capacity 139152K, committed 139392K, reserved 1169408K
  class space    used 17207K, capacity 18796K, committed 18816K, reserved 1048576K
}
Event: 316.769 GC heap after
{Heap after GC invocations=220 (full 0):
 garbage-first heap   total 557056K, used 201331K [0x0000000080000000, 0x0000000100000000)
  region size 1024K, 2 young (2048K), 2 survivors (2048K)
 Metaspace       used 134945K, capacity 139152K, committed 139392K, reserved 1169408K
  class space    used 17207K, capacity 18796K, committed 18816K, reserved 1048576K
}
Event: 317.238 GC heap before
{Heap before GC invocations=220 (full 0):
 garbage-first heap   total 557056K, used 279155K [0x0000000080000000, 0x0000000100000000)
  region size 1024K, 78 young (79872K), 2 survivors (2048K)
 Metaspace       used 135377K, capacity 139631K, committed 139776K, reserved 1169408K
  class space    used 17271K, capacity 18892K, committed 18944K, reserved 1048576K
}
Event: 317.249 GC heap after
{Heap after GC invocations=221 (full 0):
 garbage-first heap   total 557056K, used 202496K [0x0000000080000000, 0x0000000100000000)
  region size 1024K, 3 young (3072K), 3 survivors (3072K)
 Metaspace       used 135377K, capacity 139631K, committed 139776K, reserved 1169408K
  class space    used 17271K, capacity 18892K, committed 18944K, reserved 1048576K
}
Event: 317.954 GC heap before
{Heap before GC invocations=221 (full 0):
 garbage-first heap   total 557056K, used 328448K [0x0000000080000000, 0x0000000100000000)
  region size 1024K, 126 young (129024K), 3 survivors (3072K)
 Metaspace       used 135734K, capacity 139985K, committed 140032K, reserved 1171456K
  class space    used 17296K, capacity 18902K, committed 18944K, reserved 1048576K
}
Event: 317.967 GC heap after
{Heap after GC invocations=222 (full 0):
 garbage-first heap   total 557056K, used 204722K [0x0000000080000000, 0x0000000100000000)
  region size 1024K, 5 young (5120K), 5 survivors (5120K)
 Metaspace       used 135734K, capacity 139985K, committed 140032K, reserved 1171456K
  class space    used 17296K, capacity 18902K, committed 18944K, reserved 1048576K
}
Event: 318.762 GC heap before
{Heap before GC invocations=222 (full 0):
 garbage-first heap   total 557056K, used 357298K [0x0000000080000000, 0x0000000100000000)
  region size 1024K, 154 young (157696K), 5 survivors (5120K)
 Metaspace       used 136168K, capacity 140497K, committed 140672K, reserved 1171456K
  class space    used 17340K, capacity 18966K, committed 19072K, reserved 1048576K
}
Event: 318.781 GC heap after
{Heap after GC invocations=223 (full 0):
 garbage-first heap   total 557056K, used 205641K [0x0000000080000000, 0x0000000100000000)
  region size 1024K, 6 young (6144K), 6 survivors (6144K)
 Metaspace       used 136168K, capacity 140497K, committed 140672K, reserved 1171456K
  class space    used 17340K, capacity 18966K, committed 19072K, reserved 1048576K
}
Event: 319.454 GC heap before
{Heap before GC invocations=223 (full 0):
 garbage-first heap   total 557056K, used 415561K [0x0000000080000000, 0x0000000100000000)
  region size 1024K, 211 young (216064K), 6 survivors (6144K)
 Metaspace       used 136710K, capacity 141031K, committed 141184K, reserved 1171456K
  class space    used 17364K, capacity 19010K, committed 19072K, reserved 1048576K
}
Event: 319.487 GC heap after
{Heap after GC invocations=224 (full 0):
 garbage-first heap   total 557056K, used 208397K [0x0000000080000000, 0x0000000100000000)
  region size 1024K, 9 young (9216K), 9 survivors (9216K)
 Metaspace       used 136710K, capacity 141031K, committed 141184K, reserved 1171456K
  class space    used 17364K, capacity 19010K, committed 19072K, reserved 1048576K
}
Event: 320.284 GC heap before
{Heap before GC invocations=224 (full 0):
 garbage-first heap   total 557056K, used 427533K [0x0000000080000000, 0x0000000100000000)
  region size 1024K, 224 young (229376K), 9 survivors (9216K)
 Metaspace       used 137443K, capacity 141818K, committed 142080K, reserved 1171456K
  class space    used 17437K, capacity 19113K, committed 19200K, reserved 1048576K
}
Event: 320.320 GC heap after
{Heap after GC invocations=225 (full 0):
 garbage-first heap   total 557056K, used 211691K [0x0000000080000000, 0x0000000100000000)
  region size 1024K, 12 young (12288K), 12 survivors (12288K)
 Metaspace       used 137443K, capacity 141818K, committed 142080K, reserved 1171456K
  class space    used 17437K, capacity 19113K, committed 19200K, reserved 1048576K
}
Event: 321.211 GC heap before
{Heap before GC invocations=225 (full 0):
 garbage-first heap   total 557056K, used 448235K [0x0000000080000000, 0x0000000100000000)
  region size 1024K, 243 young (248832K), 12 survivors (12288K)
 Metaspace       used 138221K, capacity 142707K, committed 142976K, reserved 1173504K
  class space    used 17548K, capacity 19275K, committed 19328K, reserved 1048576K
}
Event: 321.258 GC heap after
{Heap after GC invocations=226 (full 0):
 garbage-first heap   total 557056K, used 214016K [0x0000000080000000, 0x0000000100000000)
  region size 1024K, 14 young (14336K), 14 survivors (14336K)
 Metaspace       used 138221K, capacity 142707K, committed 142976K, reserved 1173504K
  class space    used 17548K, capacity 19275K, committed 19328K, reserved 1048576K
}
Event: 322.067 GC heap before
{Heap before GC invocations=226 (full 0):
 garbage-first heap   total 557056K, used 458752K [0x0000000080000000, 0x0000000100000000)
  region size 1024K, 253 young (259072K), 14 survivors (14336K)
 Metaspace       used 138278K, capacity 142786K, committed 142976K, reserved 1173504K
  class space    used 17553K, capacity 19279K, committed 19328K, reserved 1048576K
}
Event: 322.149 GC heap after
{Heap after GC invocations=227 (full 0):
 garbage-first heap   total 557056K, used 217001K [0x0000000080000000, 0x0000000100000000)
  region size 1024K, 17 young (17408K), 17 survivors (17408K)
 Metaspace       used 138278K, capacity 142786K, committed 142976K, reserved 1173504K
  class space    used 17553K, capacity 19279K, committed 19328K, reserved 1048576K
}

